<?xml version="1.0" encoding="UTF-8" standalone="yes" ?>
<test-results name="C:\MeusProjetos\delphi\ApiNFe\src\Test\Win32\Release\ApiControllerTest.exe" total="1" errors="0" failures="1" ignored="0" inconclusive="0" not-run="0" skipped="0" invalid="0" date="2024-12-28" time="0.033">
  <culture-info current-culture="en" current-uiculture="en" />
  <test-suite type="Assembly" name="ApiControllerTest.exe" executed="true" result="Failure" success="False" time="0.033" asserts="0">
    <results>
        <test-suite type="Namespace" name="uApiControllerTest" executed="true" result="Failure" success="False" time="0.032" asserts="0" >
          <results>
              <test-suite type="Fixture" name="TApiControllerTest" executed="True" result="Failure" success="False" time="0.032" >
                <results>
                  <test-case name="Soma.Teste de Soma" executed="True" result="Failure" success="False" time="0.030" asserts="0" >
                    <failure>
                      <message>
                        <![CDATA[ Expected [7] but got [8] ]]>
                      </message>
                      <stack-trace>
                        <![CDATA[  ]]>
                      </stack-trace>
                    </failure>
                  </test-case>
                </results>
              </test-suite>
          </results>
        </test-suite>
    </results>
  </test-suite>
</test-results>
