<?xml version="1.0" encoding="UTF-8" standalone="yes" ?>
<test-results name="C:\MeusProjetos\delphi\ApiNFe\src\Test\Win32\Debug\ApiControllerTest.exe" total="21" errors="0" failures="0" ignored="0" inconclusive="0" not-run="0" skipped="0" invalid="0" date="2024-12-28" time="4.883">
  <culture-info current-culture="en" current-uiculture="en" />
  <test-suite type="Assembly" name="ApiControllerTest.exe" executed="true" result="Success" success="True" time="4.883" asserts="0">
    <results>
        <test-suite type="Namespace" name="uApiControllerTest" executed="true" result="Success" success="True" time="4.882" asserts="0" >
          <results>
              <test-suite type="Fixture" name="TApiControllerTest" executed="True" result="Success" success="True" time="4.882" >
                <results>
                  <test-case name="iniciarController.Iniciando Controller" executed="True" result="Success" success="True" time="0.002" asserts="0" />
                  <test-case name="TestGetAllAdminUsers.Verificando se o usuário inicial foi criado" executed="True" result="Success" success="True" time="0.300" asserts="0" />
                  <test-case name="TestGetUserByID.Obtendo usuário por ID" executed="True" result="Success" success="True" time="0.002" asserts="0" />
                  <test-case name="TestGetUserByLogin.Obtendo usuário por Login" executed="True" result="Success" success="True" time="0.002" asserts="0" />
                  <test-case name="TestGetUserByIDEmpty.Obtendo usuário por ID vazio" executed="True" result="Success" success="True" time="0.000" asserts="0" />
                  <test-case name="TestCreateUser.Adicionando um novo usuário" executed="True" result="Success" success="True" time="0.019" asserts="0" />
                  <test-case name="TestCreateUserInvalidEmail.Adicionando um novo usuário com email inválido" executed="True" result="Success" success="True" time="0.060" asserts="0" />
                  <test-case name="TestUpdateUserByID.Atualizando usuário por ID" executed="True" result="Success" success="True" time="0.004" asserts="0" />
                  <test-case name="TestUpdateUserByIDInvalidEmail.Atualizando usuário por ID com email inválido" executed="True" result="Success" success="True" time="0.007" asserts="0" />
                  <test-case name="TestDeleteUserByID.Deletando usuário por ID" executed="True" result="Success" success="True" time="0.005" asserts="0" />
                  <test-case name="TestGetAllWorkspace.Testando getAllWorkspace" executed="True" result="Success" success="True" time="0.064" asserts="0" />
                  <test-case name="TestCreateWorkspace.Testando createWorkspace" executed="True" result="Success" success="True" time="0.004" asserts="0" />
                  <test-case name="TestGetWorkspaceById.Testando getWorkspaceById" executed="True" result="Success" success="True" time="0.003" asserts="0" />
                  <test-case name="TestUpdateWorkspaceByID.Testando updateWorkspaceByID" executed="True" result="Success" success="True" time="0.002" asserts="0" />
                  <test-case name="TestGetAllUsersByWorkspace.Testando getAllUsersByWorkspace" executed="True" result="Success" success="True" time="0.070" asserts="0" />
                  <test-case name="TestCreateUserByWorkspace.Testando createUserByWorkspace" executed="True" result="Success" success="True" time="4.256" asserts="0" />
                  <test-case name="TestGetUserByWorkspace.Testando getUserByWorkspace" executed="True" result="Success" success="True" time="0.002" asserts="0" />
                  <test-case name="TestUpdateUserByWorkspace.Testando updateUserByWorkspace" executed="True" result="Success" success="True" time="0.009" asserts="0" />
                  <test-case name="TestDeleteUserByWorkspace.Testando deleteUserByWorkspace" executed="True" result="Success" success="True" time="0.040" asserts="0" />
                  <test-case name="TestDeleteWorkspace.Testando deleteWorkspace" executed="True" result="Success" success="True" time="0.013" asserts="0" />
                  <test-case name="destruindoController.Destruindo Controller" executed="True" result="Success" success="True" time="0.000" asserts="0" />
                </results>
              </test-suite>
          </results>
        </test-suite>
    </results>
  </test-suite>
</test-results>
